{
  "RSpec": {
    "coverage": {
      "/home/krishna/Rails/web-page-search/spec/lib/keyword_spec.rb": {
        "lines": [
          1,
          1,
          null,
          1,
          10,
          null,
          1,
          1,
          1,
          null,
          null,
          1,
          1,
          null,
          null,
          1,
          1,
          null,
          null,
          1,
          1,
          null,
          null,
          null,
          1,
          1,
          1,
          2,
          null,
          1,
          1,
          null,
          null,
          null,
          1,
          2,
          null,
          1,
          1,
          null,
          null,
          null,
          1,
          2,
          null,
          1,
          1,
          null,
          null,
          null,
          1,
          2,
          null,
          1,
          1,
          null,
          null,
          null,
          1,
          2,
          null,
          1,
          1,
          null,
          null,
          null,
          null,
          null
        ]
      },
      "/home/krishna/Rails/web-page-search/lib/keyword.rb": {
        "lines": [
          1,
          1,
          null,
          1,
          192,
          192,
          null,
          null,
          1,
          297,
          null,
          null
        ]
      },
      "/home/krishna/Rails/web-page-search/spec/lib/page_spec.rb": {
        "lines": [
          1,
          1,
          1,
          1,
          null,
          1,
          12,
          null,
          1,
          11,
          11,
          null,
          null,
          1,
          1,
          1,
          null,
          null,
          1,
          1,
          null,
          null,
          1,
          1,
          null,
          null,
          1,
          1,
          null,
          null,
          null,
          1,
          1,
          1,
          2,
          2,
          2,
          null,
          1,
          1,
          1,
          null,
          null,
          null,
          1,
          2,
          2,
          null,
          1,
          1,
          null,
          null,
          null,
          1,
          1,
          null,
          null,
          null,
          null,
          null,
          1,
          1,
          2,
          2,
          2,
          null,
          1,
          1,
          null,
          null,
          null,
          null,
          null,
          null,
          null,
          1,
          1,
          3,
          null,
          1,
          1,
          null,
          null,
          1,
          1,
          null,
          null,
          null,
          1,
          1,
          2,
          null,
          null,
          1,
          2,
          null,
          null,
          null,
          null
        ]
      },
      "/home/krishna/Rails/web-page-search/lib/page.rb": {
        "lines": [
          1,
          null,
          1,
          1,
          null,
          1,
          1,
          null,
          1,
          null,
          1,
          42,
          42,
          null,
          41,
          41,
          41,
          41,
          41,
          null,
          null,
          1,
          79,
          137,
          null,
          null,
          null,
          1,
          3,
          null,
          null,
          1,
          null,
          1,
          42,
          null,
          42,
          98,
          98,
          98,
          null,
          null,
          null,
          1,
          433,
          72,
          null,
          null,
          null
        ]
      },
      "/home/krishna/Rails/web-page-search/lib/query.rb": {
        "lines": [
          1,
          null,
          1,
          1,
          null,
          1,
          1,
          null,
          1,
          null,
          1,
          37,
          37,
          null,
          36,
          36,
          36,
          36,
          36,
          null,
          null,
          1,
          62,
          27,
          null,
          37,
          null,
          null,
          11,
          null,
          null,
          1,
          4,
          null,
          null,
          1,
          2,
          9,
          null,
          null,
          null,
          1,
          null,
          1,
          37,
          null,
          37,
          78,
          78,
          78,
          null,
          null,
          null
        ]
      },
      "/home/krishna/Rails/web-page-search/spec/lib/query_spec.rb": {
        "lines": [
          1,
          1,
          1,
          1,
          null,
          1,
          13,
          null,
          1,
          12,
          12,
          null,
          null,
          1,
          1,
          1,
          null,
          null,
          1,
          1,
          null,
          null,
          1,
          1,
          null,
          null,
          1,
          1,
          null,
          null,
          null,
          1,
          1,
          1,
          2,
          2,
          2,
          null,
          1,
          1,
          1,
          null,
          null,
          null,
          null,
          1,
          1,
          3,
          3,
          3,
          null,
          1,
          1,
          null,
          null,
          1,
          1,
          null,
          null,
          null,
          null,
          null,
          1,
          1,
          3,
          null,
          1,
          1,
          null,
          null,
          1,
          1,
          null,
          null,
          null,
          1,
          1,
          2,
          null,
          null,
          1,
          2,
          null,
          null,
          null,
          1,
          2,
          2,
          2,
          2,
          2,
          2,
          2,
          2,
          null,
          1,
          1,
          null,
          null,
          null,
          null,
          null,
          null,
          null,
          null
        ]
      },
      "/home/krishna/Rails/web-page-search/spec/lib/web_search_spec.rb": {
        "lines": [
          1,
          1,
          1,
          1,
          1,
          null,
          1,
          4,
          2,
          8,
          null,
          1,
          7,
          7,
          7,
          7,
          null,
          null,
          1,
          1,
          1,
          null,
          null,
          1,
          1,
          null,
          null,
          1,
          1,
          null,
          null,
          1,
          1,
          null,
          null,
          null,
          1,
          1,
          1,
          1,
          1,
          null,
          null,
          1,
          1,
          1,
          null,
          null,
          null,
          1,
          1,
          1,
          1,
          1,
          null,
          null,
          1,
          1,
          null,
          null,
          1,
          1,
          null,
          null,
          null,
          null
        ]
      },
      "/home/krishna/Rails/web-page-search/lib/web_search.rb": {
        "lines": [
          1,
          1,
          null,
          1,
          1,
          null,
          1,
          7,
          7,
          null,
          null,
          1,
          3,
          39,
          3,
          null,
          null,
          1,
          1,
          1,
          1,
          7,
          1,
          null,
          null,
          1,
          null,
          1,
          36,
          null,
          18,
          null,
          18,
          null,
          null,
          null
        ]
      }
    },
    "timestamp": 1668946581
  }
}
